CRITICAL - 2023-05-08 14:06:23 --> Declaration of App\Models\CsvModel::insertBatch(array $data) must be compatible with CodeIgniter\BaseModel::insertBatch(?array $set = null, ?bool $escape = null, int $batchSize = 100, bool $testing = false)
in APPPATH/Models/CsvModel.php on line 12.
 1 [internal function]: CodeIgniter\Debug\Exceptions->shutdownHandler()
CRITICAL - 2023-05-08 14:09:53 --> Declaration of App\Models\CsvModel::insertBatch(array $data) must be compatible with CodeIgniter\BaseModel::insertBatch(?array $set = null, ?bool $escape = null, int $batchSize = 100, bool $testing = false)
in APPPATH/Models/CsvModel.php on line 12.
 1 [internal function]: CodeIgniter\Debug\Exceptions->shutdownHandler()
CRITICAL - 2023-05-08 14:10:16 --> Call to undefined function App\Controllers\read_csv()
in APPPATH/Controllers/CsvController.php on line 23.
 1 SYSTEMPATH/CodeIgniter.php(934): App\Controllers\CsvController->upload_csv()
 2 SYSTEMPATH/CodeIgniter.php(499): CodeIgniter\CodeIgniter->runController()
 3 SYSTEMPATH/CodeIgniter.php(368): CodeIgniter\CodeIgniter->handleRequest()
 4 FCPATH/index.php(67): CodeIgniter\CodeIgniter->run()
CRITICAL - 2023-05-08 14:26:51 --> Declaration of App\Models\CsvModel::insertBatch(array $data) must be compatible with CodeIgniter\BaseModel::insertBatch(?array $set = null, ?bool $escape = null, int $batchSize = 100, bool $testing = false)
in APPPATH/Models/CsvModel.php on line 12.
 1 [internal function]: CodeIgniter\Debug\Exceptions->shutdownHandler()
CRITICAL - 2023-05-08 14:36:53 --> Call to undefined function App\Controllers\read_csv()
in APPPATH/Controllers/CsvController.php on line 29.
 1 SYSTEMPATH/CodeIgniter.php(934): App\Controllers\CsvController->upload_csv()
 2 SYSTEMPATH/CodeIgniter.php(499): CodeIgniter\CodeIgniter->runController()
 3 SYSTEMPATH/CodeIgniter.php(368): CodeIgniter\CodeIgniter->handleRequest()
 4 FCPATH/index.php(67): CodeIgniter\CodeIgniter->run()
CRITICAL - 2023-05-08 15:09:04 --> array_combine(): Argument #1 ($keys) must be of type array, bool given
in APPPATH/Controllers/CsvController.php on line 66.
 1 APPPATH/Controllers/CsvController.php(66): array_combine()
 2 APPPATH/Controllers/CsvController.php(29): App\Controllers\CsvController->read_csv()
 3 SYSTEMPATH/CodeIgniter.php(934): App\Controllers\CsvController->upload_csv()
 4 SYSTEMPATH/CodeIgniter.php(499): CodeIgniter\CodeIgniter->runController()
 5 SYSTEMPATH/CodeIgniter.php(368): CodeIgniter\CodeIgniter->handleRequest()
 6 FCPATH/index.php(67): CodeIgniter\CodeIgniter->run()
CRITICAL - 2023-05-08 15:09:48 --> array_combine(): Argument #1 ($keys) and argument #2 ($values) must have the same number of elements
in APPPATH/Controllers/CsvController.php on line 63.
 1 APPPATH/Controllers/CsvController.php(63): array_combine()
 2 APPPATH/Controllers/CsvController.php(29): App\Controllers\CsvController->read_csv()
 3 SYSTEMPATH/CodeIgniter.php(934): App\Controllers\CsvController->upload_csv()
 4 SYSTEMPATH/CodeIgniter.php(499): CodeIgniter\CodeIgniter->runController()
 5 SYSTEMPATH/CodeIgniter.php(368): CodeIgniter\CodeIgniter->handleRequest()
 6 FCPATH/index.php(67): CodeIgniter\CodeIgniter->run()
CRITICAL - 2023-05-08 15:10:15 --> array_combine(): Argument #1 ($keys) and argument #2 ($values) must have the same number of elements
in APPPATH/Controllers/CsvController.php on line 63.
 1 APPPATH/Controllers/CsvController.php(63): array_combine()
 2 APPPATH/Controllers/CsvController.php(29): App\Controllers\CsvController->read_csv()
 3 SYSTEMPATH/CodeIgniter.php(934): App\Controllers\CsvController->upload_csv()
 4 SYSTEMPATH/CodeIgniter.php(499): CodeIgniter\CodeIgniter->runController()
 5 SYSTEMPATH/CodeIgniter.php(368): CodeIgniter\CodeIgniter->handleRequest()
 6 FCPATH/index.php(67): CodeIgniter\CodeIgniter->run()
CRITICAL - 2023-05-08 15:12:20 --> array_combine(): Argument #1 ($keys) and argument #2 ($values) must have the same number of elements
in APPPATH/Controllers/CsvController.php on line 65.
 1 APPPATH/Controllers/CsvController.php(65): array_combine()
 2 APPPATH/Controllers/CsvController.php(29): App\Controllers\CsvController->read_csv()
 3 SYSTEMPATH/CodeIgniter.php(934): App\Controllers\CsvController->upload_csv()
 4 SYSTEMPATH/CodeIgniter.php(499): CodeIgniter\CodeIgniter->runController()
 5 SYSTEMPATH/CodeIgniter.php(368): CodeIgniter\CodeIgniter->handleRequest()
 6 FCPATH/index.php(67): CodeIgniter\CodeIgniter->run()
CRITICAL - 2023-05-08 21:27:13 --> Call to undefined function App\Controllers\read_csv()
in APPPATH/Controllers/CsvController.php on line 29.
 1 SYSTEMPATH/CodeIgniter.php(934): App\Controllers\CsvController->upload_csv()
 2 SYSTEMPATH/CodeIgniter.php(499): CodeIgniter\CodeIgniter->runController()
 3 SYSTEMPATH/CodeIgniter.php(368): CodeIgniter\CodeIgniter->handleRequest()
 4 FCPATH/index.php(67): CodeIgniter\CodeIgniter->run()
CRITICAL - 2023-05-08 21:29:52 --> array_combine(): Argument #1 ($keys) and argument #2 ($values) must have the same number of elements
in APPPATH/Controllers/CsvController.php on line 69.
 1 APPPATH/Controllers/CsvController.php(69): array_combine()
 2 APPPATH/Controllers/CsvController.php(29): App\Controllers\CsvController->readCsv()
 3 SYSTEMPATH/CodeIgniter.php(934): App\Controllers\CsvController->upload_csv()
 4 SYSTEMPATH/CodeIgniter.php(499): CodeIgniter\CodeIgniter->runController()
 5 SYSTEMPATH/CodeIgniter.php(368): CodeIgniter\CodeIgniter->handleRequest()
 6 FCPATH/index.php(67): CodeIgniter\CodeIgniter->run()
CRITICAL - 2023-05-08 21:31:10 --> Allowed fields must be specified for model: "App\Models\CsvModel"
in SYSTEMPATH/BaseModel.php on line 1242.
 1 SYSTEMPATH/BaseModel.php(1242): CodeIgniter\Database\Exceptions\DataException::forInvalidAllowedFields()
 2 SYSTEMPATH/BaseModel.php(850): CodeIgniter\BaseModel->doProtectFields()
 3 APPPATH/Controllers/CsvController.php(31): CodeIgniter\BaseModel->insertBatch()
 4 SYSTEMPATH/CodeIgniter.php(934): App\Controllers\CsvController->upload_csv()
 5 SYSTEMPATH/CodeIgniter.php(499): CodeIgniter\CodeIgniter->runController()
 6 SYSTEMPATH/CodeIgniter.php(368): CodeIgniter\CodeIgniter->handleRequest()
 7 FCPATH/index.php(67): CodeIgniter\CodeIgniter->run()
CRITICAL - 2023-05-08 21:32:00 --> Allowed fields must be specified for model: "App\Models\CsvModel"
in SYSTEMPATH/BaseModel.php on line 1242.
 1 SYSTEMPATH/BaseModel.php(1242): CodeIgniter\Database\Exceptions\DataException::forInvalidAllowedFields()
 2 SYSTEMPATH/BaseModel.php(850): CodeIgniter\BaseModel->doProtectFields()
 3 APPPATH/Controllers/CsvController.php(34): CodeIgniter\BaseModel->insertBatch()
 4 SYSTEMPATH/CodeIgniter.php(934): App\Controllers\CsvController->upload_csv()
 5 SYSTEMPATH/CodeIgniter.php(499): CodeIgniter\CodeIgniter->runController()
 6 SYSTEMPATH/CodeIgniter.php(368): CodeIgniter\CodeIgniter->handleRequest()
 7 FCPATH/index.php(67): CodeIgniter\CodeIgniter->run()
CRITICAL - 2023-05-08 22:02:31 --> Allowed fields must be specified for model: "App\Models\CsvModel"
in SYSTEMPATH/BaseModel.php on line 1242.
 1 SYSTEMPATH/BaseModel.php(1242): CodeIgniter\Database\Exceptions\DataException::forInvalidAllowedFields()
 2 SYSTEMPATH/BaseModel.php(850): CodeIgniter\BaseModel->doProtectFields()
 3 APPPATH/Controllers/CsvController.php(34): CodeIgniter\BaseModel->insertBatch()
 4 SYSTEMPATH/CodeIgniter.php(934): App\Controllers\CsvController->upload_csv()
 5 SYSTEMPATH/CodeIgniter.php(499): CodeIgniter\CodeIgniter->runController()
 6 SYSTEMPATH/CodeIgniter.php(368): CodeIgniter\CodeIgniter->handleRequest()
 7 FCPATH/index.php(67): CodeIgniter\CodeIgniter->run()
