CRITICAL - 2023-04-26 10:27:21 --> Invalid "array" type for "Expires" attribute. Expected: string, integer, DateTimeInterface object.
in SYSTEMPATH/Cookie/Cookie.php on line 708.
 1 SYSTEMPATH/Cookie/Cookie.php(708): CodeIgniter\Cookie\Exceptions\CookieException::forInvalidExpiresTime()
 2 SYSTEMPATH/Cookie/Cookie.php(208): CodeIgniter\Cookie\Cookie::convertExpiresTimestamp()
 3 SYSTEMPATH/HTTP/ResponseTrait.php(596): CodeIgniter\Cookie\Cookie->__construct()
 4 APPPATH/Controllers/Login.php(54): CodeIgniter\HTTP\Response->setCookie()
 5 SYSTEMPATH/CodeIgniter.php(934): App\Controllers\Login->check_login()
 6 SYSTEMPATH/CodeIgniter.php(499): CodeIgniter\CodeIgniter->runController()
 7 SYSTEMPATH/CodeIgniter.php(368): CodeIgniter\CodeIgniter->handleRequest()
 8 FCPATH/index.php(67): CodeIgniter\CodeIgniter->run()
CRITICAL - 2023-04-26 10:28:12 --> Invalid "array" type for "Expires" attribute. Expected: string, integer, DateTimeInterface object.
in SYSTEMPATH/Cookie/Cookie.php on line 708.
 1 SYSTEMPATH/Cookie/Cookie.php(708): CodeIgniter\Cookie\Exceptions\CookieException::forInvalidExpiresTime()
 2 SYSTEMPATH/Cookie/Cookie.php(208): CodeIgniter\Cookie\Cookie::convertExpiresTimestamp()
 3 SYSTEMPATH/HTTP/ResponseTrait.php(596): CodeIgniter\Cookie\Cookie->__construct()
 4 APPPATH/Controllers/Login.php(54): CodeIgniter\HTTP\Response->setCookie()
 5 SYSTEMPATH/CodeIgniter.php(934): App\Controllers\Login->check_login()
 6 SYSTEMPATH/CodeIgniter.php(499): CodeIgniter\CodeIgniter->runController()
 7 SYSTEMPATH/CodeIgniter.php(368): CodeIgniter\CodeIgniter->handleRequest()
 8 FCPATH/index.php(67): CodeIgniter\CodeIgniter->run()
CRITICAL - 2023-04-26 11:29:29 --> Class "App\Controllers\DateTimeZone" not found
in APPPATH/Controllers/Video.php on line 79.
 1 SYSTEMPATH/CodeIgniter.php(934): App\Controllers\Video->get_comments()
 2 SYSTEMPATH/CodeIgniter.php(499): CodeIgniter\CodeIgniter->runController()
 3 SYSTEMPATH/CodeIgniter.php(368): CodeIgniter\CodeIgniter->handleRequest()
 4 FCPATH/index.php(67): CodeIgniter\CodeIgniter->run()
CRITICAL - 2023-04-26 11:29:33 --> Class "App\Controllers\DateTimeZone" not found
in APPPATH/Controllers/Video.php on line 79.
 1 SYSTEMPATH/CodeIgniter.php(934): App\Controllers\Video->get_comments()
 2 SYSTEMPATH/CodeIgniter.php(499): CodeIgniter\CodeIgniter->runController()
 3 SYSTEMPATH/CodeIgniter.php(368): CodeIgniter\CodeIgniter->handleRequest()
 4 FCPATH/index.php(67): CodeIgniter\CodeIgniter->run()
CRITICAL - 2023-04-26 11:29:33 --> Class "App\Controllers\DateTimeZone" not found
in APPPATH/Controllers/Video.php on line 79.
 1 SYSTEMPATH/CodeIgniter.php(934): App\Controllers\Video->get_comments()
 2 SYSTEMPATH/CodeIgniter.php(499): CodeIgniter\CodeIgniter->runController()
 3 SYSTEMPATH/CodeIgniter.php(368): CodeIgniter\CodeIgniter->handleRequest()
 4 FCPATH/index.php(67): CodeIgniter\CodeIgniter->run()
CRITICAL - 2023-04-26 11:31:16 --> Class "App\Controllers\DateTimeZone" not found
in APPPATH/Controllers/Video.php on line 79.
 1 SYSTEMPATH/CodeIgniter.php(934): App\Controllers\Video->get_comments()
 2 SYSTEMPATH/CodeIgniter.php(499): CodeIgniter\CodeIgniter->runController()
 3 SYSTEMPATH/CodeIgniter.php(368): CodeIgniter\CodeIgniter->handleRequest()
 4 FCPATH/index.php(67): CodeIgniter\CodeIgniter->run()
CRITICAL - 2023-04-26 11:31:16 --> Class "App\Controllers\DateTimeZone" not found
in APPPATH/Controllers/Video.php on line 79.
 1 SYSTEMPATH/CodeIgniter.php(934): App\Controllers\Video->get_comments()
 2 SYSTEMPATH/CodeIgniter.php(499): CodeIgniter\CodeIgniter->runController()
 3 SYSTEMPATH/CodeIgniter.php(368): CodeIgniter\CodeIgniter->handleRequest()
 4 FCPATH/index.php(67): CodeIgniter\CodeIgniter->run()
CRITICAL - 2023-04-26 11:32:23 --> Class "App\Controllers\Time" not found
in APPPATH/Controllers/Video.php on line 79.
 1 SYSTEMPATH/CodeIgniter.php(934): App\Controllers\Video->get_comments()
 2 SYSTEMPATH/CodeIgniter.php(499): CodeIgniter\CodeIgniter->runController()
 3 SYSTEMPATH/CodeIgniter.php(368): CodeIgniter\CodeIgniter->handleRequest()
 4 FCPATH/index.php(67): CodeIgniter\CodeIgniter->run()
CRITICAL - 2023-04-26 12:06:02 --> Undefined variable $video_item
in APPPATH/Views/video.php on line 24.
 1 APPPATH/Views/video.php(24): CodeIgniter\Debug\Exceptions->errorHandler()
 2 SYSTEMPATH/View/View.php(213): include('APPPATH/Views/video.php')
 3 SYSTEMPATH/View/View.php(216): CodeIgniter\View\View->CodeIgniter\View\{closure}()
 4 SYSTEMPATH/Common.php(1184): CodeIgniter\View\View->render()
 5 APPPATH/Controllers/Video.php(21): view()
 6 SYSTEMPATH/CodeIgniter.php(934): App\Controllers\Video->index()
 7 SYSTEMPATH/CodeIgniter.php(499): CodeIgniter\CodeIgniter->runController()
 8 SYSTEMPATH/CodeIgniter.php(368): CodeIgniter\CodeIgniter->handleRequest()
 9 FCPATH/index.php(67): CodeIgniter\CodeIgniter->run()
CRITICAL - 2023-04-26 12:17:04 --> Undefined property: App\Controllers\Video::$session
in APPPATH/Controllers/Video.php on line 121.
 1 APPPATH/Controllers/Video.php(121): CodeIgniter\Debug\Exceptions->errorHandler()
 2 SYSTEMPATH/CodeIgniter.php(934): App\Controllers\Video->add_course()
 3 SYSTEMPATH/CodeIgniter.php(499): CodeIgniter\CodeIgniter->runController()
 4 SYSTEMPATH/CodeIgniter.php(368): CodeIgniter\CodeIgniter->handleRequest()
 5 FCPATH/index.php(67): CodeIgniter\CodeIgniter->run()
CRITICAL - 2023-04-26 12:18:40 --> Undefined variable $videos
in APPPATH/Views/video.php on line 20.
 1 APPPATH/Views/video.php(20): CodeIgniter\Debug\Exceptions->errorHandler()
 2 SYSTEMPATH/View/View.php(213): include('APPPATH/Views/video.php')
 3 SYSTEMPATH/View/View.php(216): CodeIgniter\View\View->CodeIgniter\View\{closure}()
 4 SYSTEMPATH/Common.php(1184): CodeIgniter\View\View->render()
 5 APPPATH/Controllers/Video.php(123): view()
 6 SYSTEMPATH/CodeIgniter.php(934): App\Controllers\Video->add_course()
 7 SYSTEMPATH/CodeIgniter.php(499): CodeIgniter\CodeIgniter->runController()
 8 SYSTEMPATH/CodeIgniter.php(368): CodeIgniter\CodeIgniter->handleRequest()
 9 FCPATH/index.php(67): CodeIgniter\CodeIgniter->run()
CRITICAL - 2023-04-26 12:19:24 --> Undefined variable $videos
in APPPATH/Views/video.php on line 20.
 1 APPPATH/Views/video.php(20): CodeIgniter\Debug\Exceptions->errorHandler()
 2 SYSTEMPATH/View/View.php(213): include('APPPATH/Views/video.php')
 3 SYSTEMPATH/View/View.php(216): CodeIgniter\View\View->CodeIgniter\View\{closure}()
 4 SYSTEMPATH/Common.php(1184): CodeIgniter\View\View->render()
 5 APPPATH/Controllers/Video.php(124): view()
 6 SYSTEMPATH/CodeIgniter.php(934): App\Controllers\Video->add_course()
 7 SYSTEMPATH/CodeIgniter.php(499): CodeIgniter\CodeIgniter->runController()
 8 SYSTEMPATH/CodeIgniter.php(368): CodeIgniter\CodeIgniter->handleRequest()
 9 FCPATH/index.php(67): CodeIgniter\CodeIgniter->run()
CRITICAL - 2023-04-26 12:25:14 --> Undefined variable $videos
in APPPATH/Views/video.php on line 20.
 1 APPPATH/Views/video.php(20): CodeIgniter\Debug\Exceptions->errorHandler()
 2 SYSTEMPATH/View/View.php(213): include('APPPATH/Views/video.php')
 3 SYSTEMPATH/View/View.php(216): CodeIgniter\View\View->CodeIgniter\View\{closure}()
 4 SYSTEMPATH/Common.php(1184): CodeIgniter\View\View->render()
 5 APPPATH/Controllers/Video.php(125): view()
 6 SYSTEMPATH/CodeIgniter.php(934): App\Controllers\Video->add_course()
 7 SYSTEMPATH/CodeIgniter.php(499): CodeIgniter\CodeIgniter->runController()
 8 SYSTEMPATH/CodeIgniter.php(368): CodeIgniter\CodeIgniter->handleRequest()
 9 FCPATH/index.php(67): CodeIgniter\CodeIgniter->run()
CRITICAL - 2023-04-26 12:26:20 --> Allowed fields must be specified for model: "App\Models\Video_model"
in SYSTEMPATH/BaseModel.php on line 1242.
 1 SYSTEMPATH/BaseModel.php(1242): CodeIgniter\Database\Exceptions\DataException::forInvalidAllowedFields()
 2 SYSTEMPATH/BaseModel.php(757): CodeIgniter\BaseModel->doProtectFields()
 3 SYSTEMPATH/Model.php(730): CodeIgniter\BaseModel->insert()
 4 APPPATH/Controllers/Video.php(138): CodeIgniter\Model->insert()
 5 SYSTEMPATH/CodeIgniter.php(934): App\Controllers\Video->add_course()
 6 SYSTEMPATH/CodeIgniter.php(499): CodeIgniter\CodeIgniter->runController()
 7 SYSTEMPATH/CodeIgniter.php(368): CodeIgniter\CodeIgniter->handleRequest()
 8 FCPATH/index.php(67): CodeIgniter\CodeIgniter->run()
CRITICAL - 2023-04-26 12:26:31 --> Allowed fields must be specified for model: "App\Models\Video_model"
in SYSTEMPATH/BaseModel.php on line 1242.
 1 SYSTEMPATH/BaseModel.php(1242): CodeIgniter\Database\Exceptions\DataException::forInvalidAllowedFields()
 2 SYSTEMPATH/BaseModel.php(757): CodeIgniter\BaseModel->doProtectFields()
 3 SYSTEMPATH/Model.php(730): CodeIgniter\BaseModel->insert()
 4 APPPATH/Controllers/Video.php(138): CodeIgniter\Model->insert()
 5 SYSTEMPATH/CodeIgniter.php(934): App\Controllers\Video->add_course()
 6 SYSTEMPATH/CodeIgniter.php(499): CodeIgniter\CodeIgniter->runController()
 7 SYSTEMPATH/CodeIgniter.php(368): CodeIgniter\CodeIgniter->handleRequest()
 8 FCPATH/index.php(67): CodeIgniter\CodeIgniter->run()
ERROR - 2023-04-26 12:28:09 --> mysqli_sql_exception: Duplicate entry '6' for key 'videos.PRIMARY' in /var/www/htdocs/demo/system/Database/MySQLi/Connection.php:295
Stack trace:
#0 /var/www/htdocs/demo/system/Database/MySQLi/Connection.php(295): mysqli->query()
#1 /var/www/htdocs/demo/system/Database/BaseConnection.php(691): CodeIgniter\Database\MySQLi\Connection->execute()
#2 /var/www/htdocs/demo/system/Database/BaseConnection.php(605): CodeIgniter\Database\BaseConnection->simpleQuery()
#3 /var/www/htdocs/demo/system/Database/BaseBuilder.php(2309): CodeIgniter\Database\BaseConnection->query()
#4 /var/www/htdocs/demo/app/Models/Video_model.php(40): CodeIgniter\Database\BaseBuilder->insert()
#5 /var/www/htdocs/demo/app/Controllers/Video.php(134): App\Models\Video_model->addCourse()
#6 /var/www/htdocs/demo/system/CodeIgniter.php(934): App\Controllers\Video->add_course()
#7 /var/www/htdocs/demo/system/CodeIgniter.php(499): CodeIgniter\CodeIgniter->runController()
#8 /var/www/htdocs/demo/system/CodeIgniter.php(368): CodeIgniter\CodeIgniter->handleRequest()
#9 /var/www/htdocs/demo/public/index.php(67): CodeIgniter\CodeIgniter->run()
#10 {main}
CRITICAL - 2023-04-26 12:28:09 --> Duplicate entry '6' for key 'videos.PRIMARY'
in SYSTEMPATH/Database/BaseConnection.php on line 645.
 1 SYSTEMPATH/Database/BaseBuilder.php(2309): CodeIgniter\Database\BaseConnection->query()
 2 APPPATH/Models/Video_model.php(40): CodeIgniter\Database\BaseBuilder->insert()
 3 APPPATH/Controllers/Video.php(134): App\Models\Video_model->addCourse()
 4 SYSTEMPATH/CodeIgniter.php(934): App\Controllers\Video->add_course()
 5 SYSTEMPATH/CodeIgniter.php(499): CodeIgniter\CodeIgniter->runController()
 6 SYSTEMPATH/CodeIgniter.php(368): CodeIgniter\CodeIgniter->handleRequest()
 7 FCPATH/index.php(67): CodeIgniter\CodeIgniter->run()
CRITICAL - 2023-04-26 12:30:07 --> Call to undefined method App\Controllers\Video::authorize_user()
in APPPATH/Controllers/Video.php on line 118.
 1 SYSTEMPATH/CodeIgniter.php(934): App\Controllers\Video->add_course()
 2 SYSTEMPATH/CodeIgniter.php(499): CodeIgniter\CodeIgniter->runController()
 3 SYSTEMPATH/CodeIgniter.php(368): CodeIgniter\CodeIgniter->handleRequest()
 4 FCPATH/index.php(67): CodeIgniter\CodeIgniter->run()
ERROR - 2023-04-26 12:32:01 --> mysqli_sql_exception: Duplicate entry '6' for key 'videos.PRIMARY' in /var/www/htdocs/demo/system/Database/MySQLi/Connection.php:295
Stack trace:
#0 /var/www/htdocs/demo/system/Database/MySQLi/Connection.php(295): mysqli->query()
#1 /var/www/htdocs/demo/system/Database/BaseConnection.php(691): CodeIgniter\Database\MySQLi\Connection->execute()
#2 /var/www/htdocs/demo/system/Database/BaseConnection.php(605): CodeIgniter\Database\BaseConnection->simpleQuery()
#3 /var/www/htdocs/demo/system/Database/BaseBuilder.php(2309): CodeIgniter\Database\BaseConnection->query()
#4 /var/www/htdocs/demo/app/Models/Video_model.php(40): CodeIgniter\Database\BaseBuilder->insert()
#5 /var/www/htdocs/demo/app/Controllers/Video.php(134): App\Models\Video_model->addCourse()
#6 /var/www/htdocs/demo/system/CodeIgniter.php(934): App\Controllers\Video->add_course()
#7 /var/www/htdocs/demo/system/CodeIgniter.php(499): CodeIgniter\CodeIgniter->runController()
#8 /var/www/htdocs/demo/system/CodeIgniter.php(368): CodeIgniter\CodeIgniter->handleRequest()
#9 /var/www/htdocs/demo/public/index.php(67): CodeIgniter\CodeIgniter->run()
#10 {main}
CRITICAL - 2023-04-26 12:32:01 --> Duplicate entry '6' for key 'videos.PRIMARY'
in SYSTEMPATH/Database/BaseConnection.php on line 645.
 1 SYSTEMPATH/Database/BaseBuilder.php(2309): CodeIgniter\Database\BaseConnection->query()
 2 APPPATH/Models/Video_model.php(40): CodeIgniter\Database\BaseBuilder->insert()
 3 APPPATH/Controllers/Video.php(134): App\Models\Video_model->addCourse()
 4 SYSTEMPATH/CodeIgniter.php(934): App\Controllers\Video->add_course()
 5 SYSTEMPATH/CodeIgniter.php(499): CodeIgniter\CodeIgniter->runController()
 6 SYSTEMPATH/CodeIgniter.php(368): CodeIgniter\CodeIgniter->handleRequest()
 7 FCPATH/index.php(67): CodeIgniter\CodeIgniter->run()
